autoscan: warning: missing AC_CHECK_FUNCS([bzero]) wanted by: 
	rdpsnd_dsp.c:270
	rdpsnd_dsp.c:301
	uiports/svgawin.c:1119
autoscan: warning: missing AC_CHECK_FUNCS([dup2]) wanted by: 
	rdesktop.c:1288
	rdesktop.c:1289
autoscan: warning: missing AC_CHECK_FUNCS([ftruncate]) wanted by: 
	disk.c:210
	disk.c:242
autoscan: warning: missing AC_CHECK_FUNCS([gethostbyname]) wanted by: 
	tcp.c:237
autoscan: warning: missing AC_CHECK_FUNCS([gethostname]) wanted by: 
	rdesktop.c:771
	uiports/qtwin.cpp:1710
	uiports/svgawin.c:1802
	uiports/nanoxwin.c:1402
	uiports/qtewin.cpp:2328
autoscan: warning: missing AC_CHECK_FUNCS([getmntent]) wanted by: 
	disk.c:1004
autoscan: warning: missing AC_CHECK_FUNCS([gettimeofday]) wanted by: 
	rdpsnd_alsa.c:352
	rdpsnd_alsa.c:375
	rdpsnd.c:800
	rdpsnd.c:830
	rdpsnd.c:861
	rdpsnd.c:894
	rdesktop.c:969
	rdpsnd_libao.c:152
	rdpsnd_libao.c:170
autoscan: warning: missing AC_CHECK_FUNCS([memset]) wanted by: 
	ssl.c:114
	orders.c:170
	orders.c:573
	orders.c:661
	orders.c:738
	orders.c:1604
	orders.c:1616
	orders.c:1619
	channels.c:191
	serial.c:532
	serial.c:534
	iso.c:249
	rdpsnd_oss.c:119
	rdpsnd_oss.c:350
	rdpsnd_oss.c:489
	rdp.c:178
	rdp.c:707
	rdp.c:1519
	rdpsnd_alsa.c:476
	rdpsnd_sun.c:500
	pstcache.c:212
	cliprdr.c:75
	xwin.c:2078
	xwin.c:2081
	licence.c:151
	licence.c:336
	secure.c:70
	secure.c:482
	secure.c:661
	secure.c:662
	secure.c:891
	mcs.c:480
	scard.c:221
	scard.c:338
	scard.c:370
	scard.c:1049
	scard.c:1122
	scard.c:1241
	mppc.c:82
	rdpsnd_sgi.c:298
	cache.c:407
	tcp.c:200
	tcp.c:353
	disk.c:995
	disk.c:1016
	disk.c:1043
	disk.c:1162
	rdesktop.c:384
	rdesktop.c:840
	rdpsnd_libao.c:202
	lspci.c:104
	lspci.c:122
	X11/xfreerdp.c:19
	tests/brushtest.c:27
	vnc/vnc.c:1253
	uiports/qtwin.cpp:724
	uiports/qtwin.cpp:794
	uiports/qtwin.cpp:1218
	uiports/qtwin.cpp:1315
	uiports/qtwin.cpp:1316
	uiports/svgawin.c:663
	uiports/svgawin.c:859
	uiports/svgawin.c:1060
	uiports/svgawin.c:1547
	uiports/svgawin.c:1548
	uiports/svgawin.c:1549
	uiports/svgawin.c:1576
	uiports/nanoxwin.c:297
	uiports/nanoxwin.c:576
	uiports/nanoxwin.c:683
	uiports/nanoxwin.c:861
	uiports/nanoxwin.c:862
	uiports/nanoxwin.c:1099
	uiports/qtewin.cpp:784
	uiports/qtewin.cpp:790
	uiports/qtewin.cpp:1415
	uiports/qtewin.cpp:2492
	uiports/qtewin.cpp:2498
autoscan: warning: missing AC_CHECK_FUNCS([mkdir]) wanted by: 
	disk.c:410
	rdesktop.c:1389
	rdesktop.c:1439
	rdesktop.c:1447
	printercache.c:50
	printercache.c:58
	printercache.c:67
	uiports/qtwin.cpp:1425
	uiports/qtwin.cpp:1621
	uiports/qtwin.cpp:1627
autoscan: warning: missing AC_CHECK_FUNCS([nl_langinfo]) wanted by: 
	xclip.c:320
	rdesktop.c:758
autoscan: warning: missing AC_CHECK_FUNCS([rmdir]) wanted by: 
	disk.c:528
	printercache.c:104
autoscan: warning: missing AC_CHECK_FUNCS([select]) wanted by: 
	xwin.c:1919
	tcp.c:66
	vnc/vnc.c:245
	vnc/vnc.c:356
autoscan: warning: missing AC_CHECK_FUNCS([setlocale]) wanted by: 
	rdesktop.c:375
	rdesktop.c:756
	X11/xfreerdp.c:61
autoscan: warning: missing AC_CHECK_FUNCS([socket]) wanted by: 
	tcp.c:214
	tcp.c:247
	rdesktop.c:909
autoscan: warning: missing AC_CHECK_FUNCS([strchr]) wanted by: 
	xclip.c:983
	rdpdr.c:117
	rdesktop.c:291
	rdesktop.c:323
	rdesktop.c:336
	rdesktop.c:344
	rdesktop.c:777
	rdesktop.c:1145
	rdesktop.c:1228
	xkbkeymap.c:239
	xkbkeymap.c:244
	xkbkeymap.c:273
	xkbkeymap.c:278
	xkbkeymap.c:295
	xkbkeymap.c:299
	xkbkeymap.c:357
	xkbkeymap.c:362
	lspci.c:73
	uiports/qtwin.cpp:1712
	uiports/svgawin.c:1804
	uiports/nanoxwin.c:1404
	uiports/qtewin.cpp:2330
autoscan: warning: missing AC_CHECK_FUNCS([strcspn]) wanted by: 
	xkbkeymap.c:56
	xkbkeymap.c:73
	xkbkeymap.c:230
	xkbkeymap.c:368
	xkbkeymap.c:394
autoscan: warning: missing AC_CHECK_FUNCS([strdup]) wanted by: 
	rdesktop.c:1011
	uiports/xxxwin.c:299
	uiports/qtwin.cpp:1512
	uiports/svgawin.c:1705
	uiports/nanoxwin.c:1006
	uiports/qtewin.cpp:2172
autoscan: warning: missing AC_CHECK_FUNCS([strerror]) wanted by: 
	xwin.c:1922
	vnc/vnc.c:251
autoscan: warning: missing AC_CHECK_FUNCS([strrchr]) wanted by: 
	disk.c:644
	disk.c:1139
	xkbkeymap.c:157
	xkbkeymap.c:162
	xkbkeymap.c:281
autoscan: warning: missing AC_CHECK_FUNCS([strspn]) wanted by: 
	lspci.c:60
	lspci.c:96
autoscan: warning: missing AC_CHECK_FUNCS([strstr]) wanted by: 
	rdpsnd_oss.c:108
	rdpsnd_sun.c:248
	disk.c:1010
	disk.c:1010
	disk.c:1017
	xkbkeymap.c:223
	xkbkeymap.c:227
	xkbkeymap.c:268
	xkbkeymap.c:292
	xkbkeymap.c:349
	xkbkeymap.c:353
autoscan: warning: missing AC_CHECK_FUNCS([strtol]) wanted by: 
	rdesktop.c:327
	rdesktop.c:339
	rdesktop.c:347
	rdesktop.c:471
	rdesktop.c:479
	rdesktop.c:496
	rdesktop.c:502
	rdesktop.c:548
	rdesktop.c:567
	rdesktop.c:571
	rdesktop.c:605
	lspci.c:61
	lspci.c:66
	lspci.c:74
	lspci.c:79
	lspci.c:84
	lspci.c:89
	lspci.c:94
	uiports/qtwin.cpp:1739
	uiports/qtwin.cpp:1747
	uiports/qtwin.cpp:1770
	uiports/qtwin.cpp:1780
	uiports/svgawin.c:1880
	uiports/svgawin.c:1887
	uiports/svgawin.c:1900
	uiports/svgawin.c:1920
	uiports/qtewin.cpp:2378
	uiports/qtewin.cpp:2381
	uiports/qtewin.cpp:2385
	uiports/qtewin.cpp:2394
	uiports/qtewin.cpp:2412
	uiports/qtewin.cpp:2423
autoscan: warning: missing AC_CHECK_FUNCS([utime]) wanted by: 
	disk.c:776
autoscan: warning: missing AC_CHECK_HEADERS([arpa/inet.h]) wanted by: 
	tcp.c:28
autoscan: warning: missing AC_CHECK_HEADERS([fcntl.h]) wanted by: 
	serial.c:21
	rdpsnd_oss.c:37
	rdpsnd_alsa.c:28
	rdpsnd_sun.c:27
	scard.c:23
	disk.c:26
	rdesktop.c:23
	parallel.c:27
	rdpsnd_libao.c:27
	printercache.c:34
	uiports/qtwin.cpp:43
	uiports/svgawin.c:35
autoscan: warning: missing AC_CHECK_HEADERS([langinfo.h]) wanted by: 
	xclip.c:38
	rdesktop.c:38
autoscan: warning: missing AC_CHECK_HEADERS([limits.h]) wanted by: 
	rdesktop.h:40
autoscan: warning: missing AC_CHECK_HEADERS([locale.h]) wanted by: 
	rdesktop.c:34
	X11/xfreerdp.c:7
autoscan: warning: missing AC_CHECK_HEADERS([mntent.h]) wanted by: 
	disk.c:44
autoscan: warning: missing AC_CHECK_HEADERS([netdb.h]) wanted by: 
	tcp.c:25
autoscan: warning: missing AC_CHECK_HEADERS([netinet/in.h]) wanted by: 
	tcp.c:26
autoscan: warning: missing AC_CHECK_HEADERS([sys/ioctl.h]) wanted by: 
	serial.c:24
	rdpsnd_oss.c:41
	rdpsnd_sun.c:29
	parallel.c:28
	uiports/svgawin.c:32
autoscan: warning: missing AC_CHECK_HEADERS([sys/socket.h]) wanted by: 
	tcp.c:23
	rdesktop.c:44
	vnc/vnc.c:34
	vnc/vnc.c:53
autoscan: warning: missing AC_CHECK_HEADERS([sys/time.h]) wanted by: 
	rdpsnd_oss.c:40
	rdpdr.c:38
	rdesktop.h:32
	rdpsnd_alsa.c:31
	xwin.c:23
	tcp.c:24
	rdesktop.c:27
	rdpsnd_libao.c:30
	vnc/vnc.c:33
autoscan: warning: missing AC_CHECK_HEADERS([termios.h]) wanted by: 
	serial.c:22
	rdesktop.c:25
autoscan: warning: missing AC_CHECK_HEADERS([utime.h]) wanted by: 
	disk.c:32
autoscan: warning: missing AC_FUNC_ERROR_AT_LINE wanted by: 
	ssl.c:160
	orders.c:168
	orders.c:329
	orders.c:568
	orders.c:598
	orders.c:654
	orders.c:686
	orders.c:733
	orders.c:764
	orders.c:1477
	channels.c:49
	freerdp.c:27
	iso.c:106
	iso.c:172
	iso.c:194
	iso.c:218
	rdpsnd_oss.c:324
	rdpdr.c:406
	rdp.c:1294
	rdp.c:1296
	rdpsnd_alsa.c:180
	rdpsnd_alsa.c:186
	rdpsnd_alsa.c:192
	rdpsnd_alsa.c:200
	rdpsnd_alsa.c:208
	rdpsnd_alsa.c:216
	rdpsnd_alsa.c:224
	rdpsnd_alsa.c:231
	rdpsnd_alsa.c:239
	rdpsnd_alsa.c:245
	rdpsnd_alsa.c:253
	rdpsnd_alsa.c:269
	rdpsnd_alsa.c:301
	rdpsnd_alsa.c:307
	rdpsnd_alsa.c:416
	rdpsnd_alsa.c:443
	xwin.c:223
	xwin.c:249
	xwin.c:1113
	xwin.c:1235
	xwin.c:1308
	xwin.c:1922
	licence.c:215
	secure.c:450
	secure.c:458
	secure.c:510
	secure.c:563
	secure.c:600
	secure.c:610
	secure.c:617
	secure.c:633
	secure.c:641
	mcs.c:44
	mcs.c:168
	mcs.c:238
	mcs.c:245
	mcs.c:287
	mcs.c:294
	mcs.c:362
	scard.c:137
	scard.c:147
	scard.c:153
	scard.c:159
	scard.c:166
	scard.c:2534
	rdp5.c:57
	proto.h:61
	rdpsnd_dsp.c:279
	rdpsnd.c:445
	rdpsnd.c:510
	rdpsnd.c:516
	rdpsnd.c:525
	rdpsnd.c:564
	rdpsnd.c:694
	rdpsnd.c:790
	cache.c:81
	cache.c:198
	cache.c:235
	cache.c:273
	cache.c:298
	cache.c:339
	cache.c:359
	cache.c:372
	cache.c:395
	tcp.c:112
	tcp.c:168
	tcp.c:174
	tcp.c:206
	tcp.c:228
	tcp.c:243
	tcp.c:249
	tcp.c:258
	disk.c:484
	rdesktop.c:422
	rdesktop.c:474
	rdesktop.c:483
	rdesktop.c:552
	rdesktop.c:577
	rdesktop.c:745
	rdesktop.c:773
	rdesktop.c:990
	rdesktop.c:1002
	rdesktop.c:1031
	rdesktop.c:1046
	lspci.c:129
	vnc/vnc.c:237
	vnc/vnc.c:250
	vnc/vnc.c:257
	vnc/vnc.c:892
	vnc/vnc.c:1186
	uiports/xxxwin.c:318
	uiports/qtwin.cpp:942
	uiports/qtwin.cpp:1544
	uiports/qtwin.cpp:1742
	uiports/qtwin.cpp:1751
	uiports/qtwin.cpp:1774
	uiports/svgawin.c:900
	uiports/svgawin.c:906
	uiports/svgawin.c:914
	uiports/svgawin.c:1242
	uiports/svgawin.c:1737
	uiports/svgawin.c:1883
	uiports/svgawin.c:1890
	uiports/svgawin.c:1923
	uiports/nanoxwin.c:463
	uiports/nanoxwin.c:1038
	uiports/qtewin.cpp:2019
	uiports/qtewin.cpp:2204
	uiports/qtewin.cpp:2416
autoscan: warning: missing AC_FUNC_FORK wanted by: 
	rdesktop.c:1275
	vnc/vnc.c:260
autoscan: warning: missing AC_FUNC_GETMNTENT wanted by: 
	disk.c:1004
autoscan: warning: missing AC_FUNC_MALLOC wanted by: 
	xclip.c:997
	rdesktop.c:987
	tests/brushtest.c:26
	vnc/vnc.c:293
	vnc/vnc.c:311
	uiports/qtwin.cpp:723
	uiports/qtwin.cpp:773
	uiports/qtwin.cpp:783
	uiports/qtwin.cpp:793
	uiports/qtwin.cpp:1197
	uiports/qtwin.cpp:1207
	uiports/qtwin.cpp:1217
	uiports/qtwin.cpp:1497
	uiports/svgawin.c:1693
	uiports/nanoxwin.c:991
	uiports/qtewin.cpp:2157
autoscan: warning: missing AC_FUNC_MKTIME wanted by: 
	rdp.c:439
	rdp.c:439
autoscan: warning: missing AC_FUNC_REALLOC wanted by: 
	rdesktop.c:1028
	vnc/vnc.c:1366
	uiports/qtwin.cpp:1491
	uiports/svgawin.c:1687
	uiports/nanoxwin.c:985
	uiports/qtewin.cpp:2151
autoscan: warning: missing AC_HEADER_STDBOOL wanted by: 
	uiports/qtwin.h:27
	uiports/qtewin.cpp:1100
	uiports/qtewin.cpp:1379
	uiports/qtwin.cpp:510
	uiports/qtewin.cpp:1108
	uiports/qtewin.cpp:1238
	uiports/qtewin.cpp:1393
	uiports/qtwin.cpp:514
	uiports/qtwin.cpp:594
	uiports/qtwin.cpp:997
	uiports/qtwin.cpp:1002
	uiports/qtwin.cpp:1096
	uiports/qtwin.cpp:1119
	uiports/qtwin.cpp:1157
	uiports/svgawin.c:609
	uiports/qtewin.cpp:159
	uiports/qtewin.cpp:796
	uiports/qtewin.cpp:1119
	uiports/qtewin.cpp:1228
	uiports/qtewin.cpp:1242
	uiports/qtewin.cpp:2504
autoscan: warning: missing AC_PREREQ wanted by: 
	autoscan
autoscan: warning: missing AC_PROG_CXX wanted by: 
	uiports/qtwin.cpp
	uiports/qtewin.cpp
autoscan: warning: missing AC_PROG_LN_S wanted by: 
	Makefile.in:104
autoscan: warning: missing AC_TYPE_MODE_T wanted by: 
	disk.c:265
autoscan: warning: missing AC_TYPE_OFF_T wanted by: 
	disk.c:203
	disk.c:206
autoscan: warning: missing AC_TYPE_PID_T wanted by: 
	rdesktop.c:1263
autoscan: warning: missing AC_TYPE_SIZE_T wanted by: 
	freerdp.c:16
	xclip.c:291
	xclip.c:300
	xclip.c:303
	xclip.c:306
	xclip.c:996
	xclip.c:998
	xclip.c:1001
	xclip.c:1001
	rdp.c:174
	rdp.c:184
	rdp.c:196
	rdp.c:210
	rdp.c:249
	rdp.c:268
	scard.c:1420
	scard.c:1434
	scard.c:2346
	scard.c:2346
	scard.c:2354
	scard.c:2354
	scard.c:2354
	scard.c:2355
	scard.c:2355
	scard.c:2355
	scard.c:2357
	scard.c:2357
	scard.c:2357
	scard.c:2359
	scard.c:2359
	scard.c:2359
	scard.c:2361
	scard.c:2361
	scard.c:2361
	scard.c:2363
	scard.c:2363
	scard.c:2363
	scard.c:2365
	scard.c:2365
	scard.c:2365
	scard.c:2367
	scard.c:2367
	scard.c:2368
	scard.c:2370
	scard.c:2370
	scard.c:2372
	scard.c:2372
	scard.c:2469
	scard.c:2471
	scard.c:2471
	proto.h:59
	rdesktop.c:1022
	rdesktop.c:1209
	rdesktop.c:1210
	rdesktop.c:1211
	lspci.c:171
autoscan: warning: missing AC_TYPE_SSIZE_T wanted by: 
	rdpsnd_oss.c:393
	rdpsnd_sun.c:409
	rdpsnd_sgi.c:256
autoscan: warning: missing AC_TYPE_UINT16_T wanted by: 
	xwin.c:388
	xwin.c:395
	xwin.c:404
	xwin.c:412
	xwin.c:476
	xwin.c:478
	xwin.c:479
	xwin.c:513
	xwin.c:516
	xwin.c:563
	xwin.c:565
	xwin.c:614
	xwin.c:616
	xwin.c:617
	xwin.c:671
	xwin.c:674
	xwin.c:741
	xwin.c:743
	xwin.c:815
	xwin.c:891
	xwin.c:978
	xwin.c:981
	xwin.c:984
	xwin.c:992
	xwin.c:995
	xwin.c:998
	xwin.c:1313
	xwin.c:1629
	vnc/vnc.h:12
	vnc/vnc.h:13
autoscan: warning: missing AC_TYPE_UINT32_T wanted by: 
	xwin.c:51
	xwin.c:134
	xwin.c:135
	xwin.c:136
	xwin.c:179
	xwin.c:317
	xwin.c:318
	xwin.c:422
	xwin.c:445
	xwin.c:452
	xwin.c:515
	xwin.c:566
	xwin.c:673
	xwin.c:744
	xwin.c:814
	xwin.c:839
	xwin.c:840
	xwin.c:872
	xwin.c:873
	xwin.c:891
	xwin.c:1046
	xwin.c:1071
	xwin.c:1082
	xwin.c:1715
	xwin.c:2165
	xwin.c:2165
	xwin.c:2168
	xwin.c:2275
	xwin.c:2727
	xwin.c:2754
	scard.c:1423
	scard.c:1424
	scard.h:47
	scard.h:51
	scard.h:52
	vnc/vnc.c:263
	vnc/vnc.c:407
	vnc/vnc.c:433
autoscan: warning: missing AC_TYPE_UINT8_T wanted by: 
	xwin.c:379
	xwin.c:379
	xwin.c:379
	xwin.c:382
	xwin.c:386
	xwin.c:386
	xwin.c:386
	xwin.c:420
	xwin.c:420
	xwin.c:420
	xwin.c:443
	xwin.c:443
	xwin.c:443
	xwin.c:476
	xwin.c:476
	xwin.c:513
	xwin.c:513
	xwin.c:563
	xwin.c:563
	xwin.c:614
	xwin.c:614
	xwin.c:671
	xwin.c:671
	xwin.c:741
	xwin.c:741
	xwin.c:812
	xwin.c:812
	xwin.c:812
	xwin.c:837
	xwin.c:837
	xwin.c:837
	xwin.c:870
	xwin.c:870
	xwin.c:870
	xwin.c:891
	xwin.c:924
	xwin.c:925
	xwin.c:928
	xwin.c:929
	xwin.c:955
	xwin.c:1314
	xwin.c:1447
	xwin.c:1448
	xwin.c:1954
	xwin.c:1958
	xwin.c:1987
	xwin.c:1990
	xwin.c:2031
	xwin.c:2063
	xwin.c:2063
	xwin.c:2068
	xwin.c:2069
	xwin.c:2070
	xwin.c:2077
	xwin.c:2080
	xwin.c:2310
	xwin.c:2318
	xwin.c:2328
	xwin.c:2333
	xwin.c:2411
	xwin.c:2431
	xwin.c:2444
	xwin.c:2477
	xwin.c:2500
	xwin.c:2501
	xwin.c:2505
	xwin.c:2598
	xwin.c:2614
	xwin.c:2615
	xwin.c:2619
	xwin.c:2748
	xwin.c:2757
	vnc/vnc.h:31
	vnc/vnc.c:76
	vnc/vnc.c:402
	vnc/vnc.c:403
	vnc/vnc.c:405
	vnc/vnc.c:406
	vnc/vnc.c:424
	vnc/vnc.c:425
	vnc/vnc.c:426
	vnc/vnc.c:427
	vnc/vnc.c:428
	vnc/vnc.c:432
	vnc/vnc.c:434
	vnc/vnc.c:1020
	vnc/vnc.c:1022
	vnc/vnc.c:1022
	vnc/vnc.c:1036
	vnc/vnc.c:1221
	vnc/vnc.c:1228
	vnc/vnc.c:1249
	vnc/vnc.c:1317
